<?xml version="1.0" encoding="UTF-8"?>
<!-- Generated by org.testng.reporters.JUnitReportReporter -->
<testsuite skipped="0" hostname="CHETUIWK0677" name="academy.HomePage" tests="2" failures="0" timestamp="2020-01-23T18:29:43 IST" time="48.338" errors="0">
  <testcase name="basePageNavigation" time="40.743" classname="academy.HomePage"/>
  <testcase name="basePageNavigation" time="7.595" classname="academy.HomePage"/>
</testsuite> <!-- academy.HomePage -->
